<?xml version="1.0" encoding="UTF-8"?>
<!-- Generated by org.testng.reporters.JUnitReportReporter -->
<testsuite hostname="DESKTOP-51S8IMU" failures="0" tests="1" name="HybridApp.GenralStore" time="24.457" errors="0" timestamp="2024-09-18T13:27:21 IST" skipped="0">
  <testcase classname="HybridApp.GenralStore" name="gs" time="24.457"/>
</testsuite> <!-- HybridApp.GenralStore -->
