<?xml version="1.0" encoding="UTF-8"?>
<!-- Generated by org.testng.reporters.JUnitReportReporter -->
<testsuite hostname="DESKTOP-51S8IMU" failures="0" tests="1" name="WebApp.WebTest" time="11.368" errors="0" timestamp="2024-09-19T12:36:22 IST" skipped="0">
  <testcase classname="WebApp.WebTest" name="rs" time="11.368"/>
</testsuite> <!-- WebApp.WebTest -->
